08/23/2025 10:28:10 PM INFO __main__: Starting cross-validation training
08/23/2025 10:28:10 PM INFO __main__: Configuration: {'experiment': {'exp_num': 'exp049', 'name': 'exp049_mish_bert_integration', 'description': 'EMA (Exponential Moving Average) integration from ema-pytorch', 'tags': ['imu_only', 'lstm', 'bigru', 'attention', 'residual_se_cnn', 'human_normalization', 'demographics', 'soft_f1_acls', 'bert', 'tsai', 'randaugment', 'imu_rotation', 'handedness_flip', 'ema']}, 'paths': {'output_dir': '../../../outputs/exp049'}, 'data': {'root': '../../../data', 'train_path': '../../../data/train.csv', 'test_path': '../../../data/test.csv', 'demographics_train_path': '../../../data/train_demographics.csv', 'demographics_test_path': '../../../data/test_demographics.csv'}, 'demographics': {'enabled': True, 'embedding_dim': 16, 'categorical_embedding_dims': {'adult_child': 2, 'sex': 2, 'handedness': 2}, 'numerical_scaling_method': 'minmax', 'clip_outliers': True, 'age_min': 8.0, 'age_max': 60.0, 'height_min': 130.0, 'height_max': 195.0, 'shoulder_to_wrist_min': 35.0, 'shoulder_to_wrist_max': 75.0, 'elbow_to_wrist_min': 15.0, 'elbow_to_wrist_max': 50.0, 'categorical_features': ['adult_child', 'sex', 'handedness'], 'numerical_features': ['age', 'height_cm', 'shoulder_to_wrist_cm', 'elbow_to_wrist_cm'], 'hn_enabled': False, 'hn_eps': 0.001, 'hn_radius_min_max': (0.15, 0.9), 'hn_features': ['linear_acc_mag_per_h', 'linear_acc_mag_per_rS', 'linear_acc_mag_per_rE', 'acc_over_centripetal_rS', 'acc_over_centripetal_rE', 'alpha_like_rS', 'alpha_like_rE', 'v_over_h', 'v_over_rS', 'v_over_rE']}, 'model': {'name': 'cmi_squeezeformer_bert', 'input_dim': 20, 'd_model': 256, 'n_layers': 8, 'n_heads': 8, 'd_ff': 1024, 'num_classes': 18, 'kernel_size': 31, 'dropout': 0.1, 'lstm_hidden_dim': 128, 'lstm_num_layers': 1, 'lstm_bidirectional': True, 'dense1_dim': 256, 'dense2_dim': 128, 'dense1_dropout': 0.5, 'dense2_dropout': 0.3, 'cnn_block1_out_channels': 64, 'cnn_block2_out_channels': 128, 'cnn_block1_kernel_size': 3, 'cnn_block2_kernel_size': 5, 'cnn_dropout': 0.3, 'gru_dropout': 0.4}, 'training': {'seed': 42, 'batch_size': 256, 'num_workers': 8, 'epochs': 200, 'learning_rate': 0.0006, 'weight_decay': 1e-05, 'gradient_clip_val': 1.0, 'scheduler_type': 'cosine', 'scheduler_min_lr': 1e-06, 'scheduler_factor': 0.5, 'scheduler_patience': 5, 'use_mixed_precision': True, 'accumulate_grad_batches': 1}, 'loss': {'type': 'acls', 'alpha': 0.5, 'focal_gamma': 2.0, 'focal_alpha': 1.0, 'soft_f1_beta': 1.0, 'soft_f1_eps': 1e-06, 'label_smoothing': 0.1, 'nine_class_head_enabled': True, 'nine_class_loss_weight': 0.2, 'kl_weight': 0.1, 'kl_temperature': 1.0, 'auto_weighting': 'none', 'auto_weight_clamp': (-10.0, 10.0), 'uncertainty_init_value': 0.0, 'use_mixup': True}, 'acls': {'label_smoothing_alpha': 0.1, 'mbls_margin': 10.0, 'mbls_alpha': 0.1, 'mbls_schedule': None, 'acls_pos_lambda': 1.0, 'acls_neg_lambda': 0.1, 'acls_alpha': 0.1, 'acls_margin': 10.0}, 'length_grouping': {'enabled': False, 'use_dynamic_padding': False, 'mega_batch_multiplier': 8, 'percentile_max_length': 0.95, 'min_sequence_length': 50, 'max_sequence_length': 500, 'put_longest_first': True, 'fallback_to_fixed_length': True}, 'schedule_free': {'enabled': False, 'optimizer_type': 'RAdamScheduleFree', 'learning_rate_multiplier': 5.0, 'warmup_steps': 1000, 'batch_norm_calibration_steps': 50}, 'ema': {'enabled': False, 'beta': 0.9999, 'update_every': 1, 'update_after_step': 100}, 'val': {'name': 'stratified_group_kfold', 'params': {'n_splits': 5, 'random_state': 42, 'target': 'gesture', 'group': 'subject', 'id': 'sequence_id', 'force_recreate': False}}, 'preprocessing': {'target_sequence_length': 200}, 'augmentation': {'enable_randaugment': True, 'randaugment_n': 2, 'randaugment_m': 6.0, 'randaugment_prob': 0.8, 'add_noise_scale': 0.02, 'mag_scale_range': [0.9, 1.1], 'time_warp_max': 0.2, 'crop_ratio': 0.9, 'mask_ratio': 0.1, 'imu_rotation_angle_range': 0.2, 'handedness_flip_prob': 0.0, 'enable_handedness_flip': False, 'gaussian_noise_prob': 0.0, 'gaussian_noise_std': 0.01, 'time_scaling_prob': 0.0, 'time_scaling_range': [0.9, 1.1], 'partial_masking_prob': 0.0, 'partial_masking_length_range': [5, 20], 'partial_masking_ratio': 0.1}, 'logging': {'wandb_enabled': True, 'wandb_project': 'CMI-Detect-Behavior-with-Sensor-Data', 'wandb_name': 'exp049', 'wandb_tags': ['exp049', 'imu_only', 'lstm', 'bigru', 'attention', 'residual_se_cnn', 'human_normalization', 'demographics', 'soft_f1_acls', 'bert', 'tsai', 'randaugment', 'imu_rotation', 'handedness_flip', 'ema']}, 'lightning': {'trainer': {'accelerator': 'auto', 'devices': 'auto', 'precision': '16-mixed', 'deterministic': False, 'benchmark': True, 'enable_checkpointing': True, 'log_every_n_steps': 10, 'check_val_every_n_epoch': 1, 'val_check_interval': 1.0}, 'callbacks': {'model_checkpoint': {'monitor': 'val_cmi_score', 'mode': 'max', 'save_top_k': 1, 'save_last': True, 'filename': 'epoch-{epoch:02d}-val_cmi_score-{val_cmi_score:.4f}', 'auto_insert_metric_name': False}, 'early_stopping': {'monitor': 'val_cmi_score', 'mode': 'max', 'patience': 30, 'min_delta': 0.0001, 'verbose': True}, 'lr_monitor': {'logging_interval': 'epoch'}, 'rich_progress_bar': {'enable': False}}}, 'root': '../../../outputs/exp049', 'target_gestures': ['Above ear - pull hair', 'Forehead - pull hairline', 'Forehead - scratch', 'Eyebrow - pull hair', 'Eyelash - pull hair', 'Neck - pinch skin', 'Neck - scratch', 'Cheek - pinch skin'], 'non_target_gestures': ['Drink from bottle/cup', 'Glasses on/off', 'Pull air toward your face', 'Pinch knee/leg skin', 'Scratch knee/leg skin', 'Write name on leg', 'Text on phone', 'Feel around in tray and pull out an object', 'Write name in air', 'Wave hello'], 'imu_features': ['acc_x', 'acc_y', 'acc_z', 'rot_w', 'rot_x', 'rot_y', 'rot_z', 'linear_acc_x', 'linear_acc_y', 'linear_acc_z', 'linear_acc_mag', 'linear_acc_mag_jerk', 'angular_vel_x', 'angular_vel_y', 'angular_vel_z', 'angular_distance']}
08/23/2025 10:28:10 PM INFO __main__: Starting training for fold 0
08/23/2025 10:29:54 PM INFO __main__: Using input_dim=20 (HN features: False)
08/23/2025 10:33:00 PM INFO __main__: Loading best model from: ../../../outputs/exp049/fold_0/version_0/checkpoints/epoch-45-val_cmi_score-0.7694.ckpt
08/23/2025 10:33:03 PM INFO __main__: Fold 0 results: {'fold': 0, 'val_loss': 0.9152526259422302, 'val_cmi_score': 0.76939857006073, 'val_multiclass_loss': 1.1731241941452026, 'val_binary_loss': 0.13528792560100555, 'best_model_path': '../../../outputs/exp049/fold_0/version_0/checkpoints/epoch-45-val_cmi_score-0.7694.ckpt'}
08/23/2025 10:33:03 PM INFO __main__: Starting training for fold 1
08/23/2025 10:34:47 PM INFO __main__: Using input_dim=20 (HN features: False)
08/23/2025 10:38:23 PM INFO __main__: Loading best model from: ../../../outputs/exp049/fold_1/version_0/checkpoints/epoch-76-val_cmi_score-0.7597.ckpt
08/23/2025 10:38:26 PM INFO __main__: Fold 1 results: {'fold': 1, 'val_loss': 1.245205283164978, 'val_cmi_score': 0.7597261667251587, 'val_multiclass_loss': 1.6469786167144775, 'val_binary_loss': 0.165325328707695, 'best_model_path': '../../../outputs/exp049/fold_1/version_0/checkpoints/epoch-76-val_cmi_score-0.7597.ckpt'}
08/23/2025 10:38:26 PM INFO __main__: Starting training for fold 2
08/23/2025 10:40:04 PM INFO __main__: Starting cross-validation training
08/23/2025 10:40:04 PM INFO __main__: Configuration: {'experiment': {'exp_num': 'exp049', 'name': 'exp049_mish_bert_integration', 'description': 'EMA (Exponential Moving Average) integration from ema-pytorch', 'tags': ['imu_only', 'lstm', 'bigru', 'attention', 'residual_se_cnn', 'human_normalization', 'demographics', 'soft_f1_acls', 'bert', 'tsai', 'randaugment', 'imu_rotation', 'handedness_flip', 'ema']}, 'paths': {'output_dir': '../../../outputs/exp049'}, 'data': {'root': '../../../data', 'train_path': '../../../data/train.csv', 'test_path': '../../../data/test.csv', 'demographics_train_path': '../../../data/train_demographics.csv', 'demographics_test_path': '../../../data/test_demographics.csv'}, 'demographics': {'enabled': True, 'embedding_dim': 16, 'categorical_embedding_dims': {'adult_child': 2, 'sex': 2, 'handedness': 2}, 'numerical_scaling_method': 'minmax', 'clip_outliers': True, 'age_min': 8.0, 'age_max': 60.0, 'height_min': 130.0, 'height_max': 195.0, 'shoulder_to_wrist_min': 35.0, 'shoulder_to_wrist_max': 75.0, 'elbow_to_wrist_min': 15.0, 'elbow_to_wrist_max': 50.0, 'categorical_features': ['adult_child', 'sex', 'handedness'], 'numerical_features': ['age', 'height_cm', 'shoulder_to_wrist_cm', 'elbow_to_wrist_cm'], 'hn_enabled': False, 'hn_eps': 0.001, 'hn_radius_min_max': (0.15, 0.9), 'hn_features': ['linear_acc_mag_per_h', 'linear_acc_mag_per_rS', 'linear_acc_mag_per_rE', 'acc_over_centripetal_rS', 'acc_over_centripetal_rE', 'alpha_like_rS', 'alpha_like_rE', 'v_over_h', 'v_over_rS', 'v_over_rE']}, 'model': {'name': 'cmi_squeezeformer_bert', 'input_dim': 20, 'd_model': 256, 'n_layers': 8, 'n_heads': 8, 'd_ff': 1024, 'num_classes': 18, 'kernel_size': 31, 'dropout': 0.1, 'lstm_hidden_dim': 128, 'lstm_num_layers': 1, 'lstm_bidirectional': True, 'dense1_dim': 256, 'dense2_dim': 128, 'dense1_dropout': 0.5, 'dense2_dropout': 0.3, 'cnn_block1_out_channels': 64, 'cnn_block2_out_channels': 128, 'cnn_block1_kernel_size': 3, 'cnn_block2_kernel_size': 5, 'cnn_dropout': 0.3, 'gru_dropout': 0.4}, 'training': {'seed': 42, 'batch_size': 256, 'num_workers': 8, 'epochs': 200, 'learning_rate': 0.0003, 'weight_decay': 1e-05, 'gradient_clip_val': 1.0, 'scheduler_type': 'cosine', 'scheduler_min_lr': 1e-06, 'scheduler_factor': 0.5, 'scheduler_patience': 5, 'use_mixed_precision': True, 'accumulate_grad_batches': 1}, 'loss': {'type': 'acls', 'alpha': 0.5, 'focal_gamma': 2.0, 'focal_alpha': 1.0, 'soft_f1_beta': 1.0, 'soft_f1_eps': 1e-06, 'label_smoothing': 0.1, 'nine_class_head_enabled': True, 'nine_class_loss_weight': 0.2, 'kl_weight': 0.1, 'kl_temperature': 1.0, 'auto_weighting': 'none', 'auto_weight_clamp': (-10.0, 10.0), 'uncertainty_init_value': 0.0, 'use_mixup': True}, 'acls': {'label_smoothing_alpha': 0.1, 'mbls_margin': 10.0, 'mbls_alpha': 0.1, 'mbls_schedule': None, 'acls_pos_lambda': 1.0, 'acls_neg_lambda': 0.1, 'acls_alpha': 0.1, 'acls_margin': 10.0}, 'length_grouping': {'enabled': False, 'use_dynamic_padding': False, 'mega_batch_multiplier': 8, 'percentile_max_length': 0.95, 'min_sequence_length': 50, 'max_sequence_length': 500, 'put_longest_first': True, 'fallback_to_fixed_length': True}, 'schedule_free': {'enabled': False, 'optimizer_type': 'RAdamScheduleFree', 'learning_rate_multiplier': 5.0, 'warmup_steps': 1000, 'batch_norm_calibration_steps': 50}, 'ema': {'enabled': False, 'beta': 0.9999, 'update_every': 1, 'update_after_step': 100}, 'val': {'name': 'stratified_group_kfold', 'params': {'n_splits': 5, 'random_state': 42, 'target': 'gesture', 'group': 'subject', 'id': 'sequence_id', 'force_recreate': False}}, 'preprocessing': {'target_sequence_length': 200}, 'augmentation': {'enable_randaugment': True, 'randaugment_n': 2, 'randaugment_m': 6.0, 'randaugment_prob': 0.8, 'add_noise_scale': 0.02, 'mag_scale_range': [0.9, 1.1], 'time_warp_max': 0.2, 'crop_ratio': 0.9, 'mask_ratio': 0.1, 'imu_rotation_angle_range': 0.2, 'handedness_flip_prob': 0.0, 'enable_handedness_flip': False, 'gaussian_noise_prob': 0.0, 'gaussian_noise_std': 0.01, 'time_scaling_prob': 0.0, 'time_scaling_range': [0.9, 1.1], 'partial_masking_prob': 0.0, 'partial_masking_length_range': [5, 20], 'partial_masking_ratio': 0.1}, 'logging': {'wandb_enabled': True, 'wandb_project': 'CMI-Detect-Behavior-with-Sensor-Data', 'wandb_name': 'exp049', 'wandb_tags': ['exp049', 'imu_only', 'lstm', 'bigru', 'attention', 'residual_se_cnn', 'human_normalization', 'demographics', 'soft_f1_acls', 'bert', 'tsai', 'randaugment', 'imu_rotation', 'handedness_flip', 'ema']}, 'lightning': {'trainer': {'accelerator': 'auto', 'devices': 'auto', 'precision': '16-mixed', 'deterministic': False, 'benchmark': True, 'enable_checkpointing': True, 'log_every_n_steps': 10, 'check_val_every_n_epoch': 1, 'val_check_interval': 1.0}, 'callbacks': {'model_checkpoint': {'monitor': 'val_cmi_score', 'mode': 'max', 'save_top_k': 1, 'save_last': True, 'filename': 'epoch-{epoch:02d}-val_cmi_score-{val_cmi_score:.4f}', 'auto_insert_metric_name': False}, 'early_stopping': {'monitor': 'val_cmi_score', 'mode': 'max', 'patience': 30, 'min_delta': 0.0001, 'verbose': True}, 'lr_monitor': {'logging_interval': 'epoch'}, 'rich_progress_bar': {'enable': False}}}, 'root': '../../../outputs/exp049', 'target_gestures': ['Above ear - pull hair', 'Forehead - pull hairline', 'Forehead - scratch', 'Eyebrow - pull hair', 'Eyelash - pull hair', 'Neck - pinch skin', 'Neck - scratch', 'Cheek - pinch skin'], 'non_target_gestures': ['Drink from bottle/cup', 'Glasses on/off', 'Pull air toward your face', 'Pinch knee/leg skin', 'Scratch knee/leg skin', 'Write name on leg', 'Text on phone', 'Feel around in tray and pull out an object', 'Write name in air', 'Wave hello'], 'imu_features': ['acc_x', 'acc_y', 'acc_z', 'rot_w', 'rot_x', 'rot_y', 'rot_z', 'linear_acc_x', 'linear_acc_y', 'linear_acc_z', 'linear_acc_mag', 'linear_acc_mag_jerk', 'angular_vel_x', 'angular_vel_y', 'angular_vel_z', 'angular_distance']}
08/23/2025 10:40:04 PM INFO __main__: Starting training for fold 0
08/23/2025 10:41:46 PM INFO __main__: Using input_dim=20 (HN features: False)
08/23/2025 10:45:42 PM INFO __main__: Loading best model from: ../../../outputs/exp049/fold_0/version_1/checkpoints/epoch-93-val_cmi_score-0.7722.ckpt
08/23/2025 10:45:45 PM INFO __main__: Fold 0 results: {'fold': 0, 'val_loss': 0.9023184776306152, 'val_cmi_score': 0.7721590995788574, 'val_multiclass_loss': 1.1613579988479614, 'val_binary_loss': 0.11494973301887512, 'best_model_path': '../../../outputs/exp049/fold_0/version_1/checkpoints/epoch-93-val_cmi_score-0.7722.ckpt'}
08/23/2025 10:45:45 PM INFO __main__: Starting training for fold 1
08/23/2025 10:47:31 PM INFO __main__: Using input_dim=20 (HN features: False)
08/23/2025 10:51:31 PM INFO __main__: Loading best model from: ../../../outputs/exp049/fold_1/version_1/checkpoints/epoch-97-val_cmi_score-0.7542.ckpt
08/23/2025 10:51:35 PM INFO __main__: Fold 1 results: {'fold': 1, 'val_loss': 1.137497901916504, 'val_cmi_score': 0.7542234063148499, 'val_multiclass_loss': 1.4904062747955322, 'val_binary_loss': 0.17220714688301086, 'best_model_path': '../../../outputs/exp049/fold_1/version_1/checkpoints/epoch-97-val_cmi_score-0.7542.ckpt'}
08/23/2025 10:51:35 PM INFO __main__: Starting training for fold 2
08/23/2025 10:53:22 PM INFO __main__: Using input_dim=20 (HN features: False)
08/23/2025 10:57:58 PM INFO __main__: Loading best model from: ../../../outputs/exp049/fold_2/version_0/checkpoints/epoch-129-val_cmi_score-0.7814.ckpt
08/23/2025 10:58:02 PM INFO __main__: Fold 2 results: {'fold': 2, 'val_loss': 0.9656413197517395, 'val_cmi_score': 0.7814376950263977, 'val_multiclass_loss': 1.2440873384475708, 'val_binary_loss': 0.09986808151006699, 'best_model_path': '../../../outputs/exp049/fold_2/version_0/checkpoints/epoch-129-val_cmi_score-0.7814.ckpt'}
08/23/2025 10:58:02 PM INFO __main__: Starting training for fold 3
08/23/2025 10:59:46 PM INFO __main__: Using input_dim=20 (HN features: False)
08/23/2025 11:04:23 PM INFO __main__: Loading best model from: ../../../outputs/exp049/fold_3/version_0/checkpoints/epoch-132-val_cmi_score-0.7727.ckpt
08/23/2025 11:04:27 PM ERROR __main__: Error in fold 3
Traceback (most recent call last):
  File "/home/karunru/Home/Kaggle/kaggle_monorepo/projects/CMI_Detect_Behavior_with_Sensor_Data/.venv/lib/python3.13/site-packages/pytorch_lightning/trainer/call.py", line 48, in _call_and_handle_interrupt
    return trainer_fn(*args, **kwargs)
  File "/home/karunru/Home/Kaggle/kaggle_monorepo/projects/CMI_Detect_Behavior_with_Sensor_Data/.venv/lib/python3.13/site-packages/pytorch_lightning/trainer/trainer.py", line 706, in _validate_impl
    results = self._run(model, ckpt_path=ckpt_path)
  File "/home/karunru/Home/Kaggle/kaggle_monorepo/projects/CMI_Detect_Behavior_with_Sensor_Data/.venv/lib/python3.13/site-packages/pytorch_lightning/trainer/trainer.py", line 1018, in _run
    self._teardown()
    ~~~~~~~~~~~~~~^^
  File "/home/karunru/Home/Kaggle/kaggle_monorepo/projects/CMI_Detect_Behavior_with_Sensor_Data/.venv/lib/python3.13/site-packages/pytorch_lightning/trainer/trainer.py", line 1039, in _teardown
    loop.teardown()
    ~~~~~~~~~~~~~^^
  File "/home/karunru/Home/Kaggle/kaggle_monorepo/projects/CMI_Detect_Behavior_with_Sensor_Data/.venv/lib/python3.13/site-packages/pytorch_lightning/loops/evaluation_loop.py", line 321, in teardown
    self._data_fetcher.teardown()
    ~~~~~~~~~~~~~~~~~~~~~~~~~~~^^
  File "/home/karunru/Home/Kaggle/kaggle_monorepo/projects/CMI_Detect_Behavior_with_Sensor_Data/.venv/lib/python3.13/site-packages/pytorch_lightning/loops/fetchers.py", line 82, in teardown
    self._combined_loader.reset()
    ~~~~~~~~~~~~~~~~~~~~~~~~~~~^^
  File "/home/karunru/Home/Kaggle/kaggle_monorepo/projects/CMI_Detect_Behavior_with_Sensor_Data/.venv/lib/python3.13/site-packages/pytorch_lightning/utilities/combined_loader.py", line 367, in reset
    _shutdown_workers_and_reset_iterator(iterable)
    ~~~~~~~~~~~~~~~~~~~~~~~~~~~~~~~~~~~~^^^^^^^^^^
  File "/home/karunru/Home/Kaggle/kaggle_monorepo/projects/CMI_Detect_Behavior_with_Sensor_Data/.venv/lib/python3.13/site-packages/pytorch_lightning/utilities/combined_loader.py", line 400, in _shutdown_workers_and_reset_iterator
    dataloader._iterator._shutdown_workers()
    ~~~~~~~~~~~~~~~~~~~~~~~~~~~~~~~~~~~~~~^^
  File "/home/karunru/Home/Kaggle/kaggle_monorepo/projects/CMI_Detect_Behavior_with_Sensor_Data/.venv/lib/python3.13/site-packages/torch/utils/data/dataloader.py", line 1582, in _shutdown_workers
    w.join(timeout=_utils.MP_STATUS_CHECK_INTERVAL)
    ~~~~~~^^^^^^^^^^^^^^^^^^^^^^^^^^^^^^^^^^^^^^^^^
  File "/home/karunru/.local/share/uv/python/cpython-3.13.2-linux-x86_64-gnu/lib/python3.13/multiprocessing/process.py", line 149, in join
    res = self._popen.wait(timeout)
  File "/home/karunru/.local/share/uv/python/cpython-3.13.2-linux-x86_64-gnu/lib/python3.13/multiprocessing/popen_fork.py", line 41, in wait
    if not wait([self.sentinel], timeout):
           ~~~~^^^^^^^^^^^^^^^^^^^^^^^^^^
  File "/home/karunru/.local/share/uv/python/cpython-3.13.2-linux-x86_64-gnu/lib/python3.13/multiprocessing/connection.py", line 1148, in wait
    ready = selector.select(timeout)
  File "/home/karunru/.local/share/uv/python/cpython-3.13.2-linux-x86_64-gnu/lib/python3.13/selectors.py", line 398, in select
    fd_event_list = self._selector.poll(timeout)
KeyboardInterrupt

During handling of the above exception, another exception occurred:

Traceback (most recent call last):
  File "/home/karunru/Home/Kaggle/kaggle_monorepo/projects/CMI_Detect_Behavior_with_Sensor_Data/codes/exp/exp049/train.py", line 246, in train_cross_validation
    fold_result = train_single_fold(config, fold, logger, wandb_logger)
  File "/home/karunru/Home/Kaggle/kaggle_monorepo/projects/CMI_Detect_Behavior_with_Sensor_Data/codes/exp/exp049/train.py", line 179, in train_single_fold
    val_results = trainer.validate(model, data_module)
  File "/home/karunru/Home/Kaggle/kaggle_monorepo/projects/CMI_Detect_Behavior_with_Sensor_Data/.venv/lib/python3.13/site-packages/pytorch_lightning/trainer/trainer.py", line 664, in validate
    return call._call_and_handle_interrupt(
           ~~~~~~~~~~~~~~~~~~~~~~~~~~~~~~~^
        self, self._validate_impl, model, dataloaders, ckpt_path, verbose, datamodule
        ^^^^^^^^^^^^^^^^^^^^^^^^^^^^^^^^^^^^^^^^^^^^^^^^^^^^^^^^^^^^^^^^^^^^^^^^^^^^^
    )
    ^
  File "/home/karunru/Home/Kaggle/kaggle_monorepo/projects/CMI_Detect_Behavior_with_Sensor_Data/.venv/lib/python3.13/site-packages/pytorch_lightning/trainer/call.py", line 61, in _call_and_handle_interrupt
    trainer._teardown()
    ~~~~~~~~~~~~~~~~~^^
  File "/home/karunru/Home/Kaggle/kaggle_monorepo/projects/CMI_Detect_Behavior_with_Sensor_Data/.venv/lib/python3.13/site-packages/pytorch_lightning/trainer/trainer.py", line 1039, in _teardown
    loop.teardown()
    ~~~~~~~~~~~~~^^
  File "/home/karunru/Home/Kaggle/kaggle_monorepo/projects/CMI_Detect_Behavior_with_Sensor_Data/.venv/lib/python3.13/site-packages/pytorch_lightning/loops/evaluation_loop.py", line 321, in teardown
    self._data_fetcher.teardown()
    ~~~~~~~~~~~~~~~~~~~~~~~~~~~^^
  File "/home/karunru/Home/Kaggle/kaggle_monorepo/projects/CMI_Detect_Behavior_with_Sensor_Data/.venv/lib/python3.13/site-packages/pytorch_lightning/loops/fetchers.py", line 80, in teardown
    self.reset()
    ~~~~~~~~~~^^
  File "/home/karunru/Home/Kaggle/kaggle_monorepo/projects/CMI_Detect_Behavior_with_Sensor_Data/.venv/lib/python3.13/site-packages/pytorch_lightning/loops/fetchers.py", line 142, in reset
    super().reset()
    ~~~~~~~~~~~~~^^
  File "/home/karunru/Home/Kaggle/kaggle_monorepo/projects/CMI_Detect_Behavior_with_Sensor_Data/.venv/lib/python3.13/site-packages/pytorch_lightning/loops/fetchers.py", line 76, in reset
    self.length = sized_len(self.combined_loader)
                  ~~~~~~~~~^^^^^^^^^^^^^^^^^^^^^^
  File "/home/karunru/Home/Kaggle/kaggle_monorepo/projects/CMI_Detect_Behavior_with_Sensor_Data/.venv/lib/python3.13/site-packages/lightning_fabric/utilities/data.py", line 52, in sized_len
    length = len(dataloader)  # type: ignore [arg-type]
  File "/home/karunru/Home/Kaggle/kaggle_monorepo/projects/CMI_Detect_Behavior_with_Sensor_Data/.venv/lib/python3.13/site-packages/pytorch_lightning/utilities/combined_loader.py", line 358, in __len__
    raise RuntimeError("Please call `iter(combined_loader)` first.")
RuntimeError: Please call `iter(combined_loader)` first.
